#
# There is insufficient memory for the Java Runtime Environment to continue.
# Native memory allocation (malloc) failed to allocate 42991616 bytes for committing reserved memory.
# Possible reasons:
#   The system is out of physical RAM or swap space
#   In 32 bit mode, the process size limit was hit
# Possible solutions:
#   Reduce memory load on the system
#   Increase physical memory or swap space
#   Check if swap backing store is full
#   Use 64 bit Java on a 64 bit OS
#   Decrease Java heap size (-Xmx/-Xms)
#   Decrease number of Java threads
#   Decrease Java thread stack sizes (-Xss)
#   Set larger code cache with -XX:ReservedCodeCacheSize=
# This output file may be truncated or incomplete.
#
#  Out of Memory Error (os_linux.cpp:2745), pid=18566, tid=140324102502144
#
# JRE version:  (7.0_65-b17) (build )
# Java VM: Java HotSpot(TM) 64-Bit Server VM (24.65-b04 mixed mode linux-amd64 compressed oops)
# Failed to write core dump. Core dumps have been disabled. To enable core dumping, try "ulimit -c unlimited" before starting Java again
#

---------------  T H R E A D  ---------------

Current thread (0x00007f9fb800a000):  JavaThread "Unknown thread" [_thread_in_vm, id=18569, stack(0x00007f9fc0387000,0x00007f9fc0488000)]

Stack: [0x00007f9fc0387000,0x00007f9fc0488000],  sp=0x00007f9fc0486230,  free space=1020k
Native frames: (J=compiled Java code, j=interpreted, Vv=VM code, C=native code)
V  [libjvm.so+0x99eb8a]  VMError::report_and_die()+0x2ea
V  [libjvm.so+0x49721b]  report_vm_out_of_memory(char const*, int, unsigned long, char const*)+0x9b
V  [libjvm.so+0x81d9ae]  os::Linux::commit_memory_impl(char*, unsigned long, bool)+0xfe
V  [libjvm.so+0x81def9]  os::pd_commit_memory(char*, unsigned long, unsigned long, bool)+0x29
V  [libjvm.so+0x817caa]  os::commit_memory(char*, unsigned long, unsigned long, bool)+0x2a
V  [libjvm.so+0x88a7a3]  PSVirtualSpace::expand_by(unsigned long)+0x53
V  [libjvm.so+0x879433]  PSOldGen::initialize(ReservedSpace, unsigned long, char const*, int)+0x103
V  [libjvm.so+0x29a3b3]  AdjoiningGenerations::AdjoiningGenerations(ReservedSpace, unsigned long, unsigned long, unsigned long, unsigned long, unsigned long, unsigned long, unsigned long)+0x3e3
V  [libjvm.so+0x83e7e5]  ParallelScavengeHeap::initialize()+0x4d5
V  [libjvm.so+0x971dba]  Universe::initialize_heap()+0xca
V  [libjvm.so+0x972f89]  universe_init()+0x79
V  [libjvm.so+0x5b09f5]  init_globals()+0x65
V  [libjvm.so+0x95a8ed]  Threads::create_vm(JavaVMInitArgs*, bool*)+0x1ed
V  [libjvm.so+0x638a34]  JNI_CreateJavaVM+0x74
C  [libjli.so+0x2f8e]  JavaMain+0x9e


---------------  P R O C E S S  ---------------

Java Threads: ( => current thread )

Other Threads:

=>0x00007f9fb800a000 (exited) JavaThread "Unknown thread" [_thread_in_vm, id=18569, stack(0x00007f9fc0387000,0x00007f9fc0488000)]

VM state:not at safepoint (not fully initialized)

VM Mutex/Monitor currently owned by a thread: None

GC Heap History (0 events):
No events

Deoptimization events (0 events):
No events

Internal exceptions (0 events):
No events

Events (0 events):
No events


Dynamic libraries:
00400000-00401000 r-xp 00000000 08:07 399412                             /usr/lib/jvm/jdk1.7.0_65/jre/bin/java
00600000-00601000 rw-p 00000000 08:07 399412                             /usr/lib/jvm/jdk1.7.0_65/jre/bin/java
0193a000-0195b000 rw-p 00000000 00:00 0                                  [heap]
bd200000-c2400000 rw-p 00000000 00:00 0 
c4d00000-eb680000 rw-p 00000000 00:00 0 
eb680000-ecb80000 rw-p 00000000 00:00 0 
ecb80000-100000000 rw-p 00000000 00:00 0 
7f9fb5000000-7f9fb5270000 rwxp 00000000 00:00 0 
7f9fb5270000-7f9fb8025000 rw-p 00000000 00:00 0 
7f9fb8025000-7f9fbc000000 ---p 00000000 00:00 0 
7f9fbd216000-7f9fbd45d000 rw-p 00000000 00:00 0 
7f9fbd45d000-7f9fbd5cf000 rw-p 00000000 00:00 0 
7f9fbd5cf000-7f9fbd5da000 rw-p 00000000 00:00 0 
7f9fbd5da000-7f9fbd674000 rw-p 00000000 00:00 0 
7f9fbd674000-7f9fbd675000 rw-p 00000000 00:00 0 
7f9fbd675000-7f9fbd68f000 r-xp 00000000 08:07 399180                     /usr/lib/jvm/jdk1.7.0_65/jre/lib/amd64/libzip.so
7f9fbd68f000-7f9fbd88f000 ---p 0001a000 08:07 399180                     /usr/lib/jvm/jdk1.7.0_65/jre/lib/amd64/libzip.so
7f9fbd88f000-7f9fbd890000 rw-p 0001a000 08:07 399180                     /usr/lib/jvm/jdk1.7.0_65/jre/lib/amd64/libzip.so
7f9fbd890000-7f9fbd89b000 r-xp 00000000 08:07 524816                     /lib/x86_64-linux-gnu/libnss_files-2.19.so
7f9fbd89b000-7f9fbda9a000 ---p 0000b000 08:07 524816                     /lib/x86_64-linux-gnu/libnss_files-2.19.so
7f9fbda9a000-7f9fbda9b000 r--p 0000a000 08:07 524816                     /lib/x86_64-linux-gnu/libnss_files-2.19.so
7f9fbda9b000-7f9fbda9c000 rw-p 0000b000 08:07 524816                     /lib/x86_64-linux-gnu/libnss_files-2.19.so
7f9fbda9c000-7f9fbdaa7000 r-xp 00000000 08:07 525323                     /lib/x86_64-linux-gnu/libnss_nis-2.19.so
7f9fbdaa7000-7f9fbdca6000 ---p 0000b000 08:07 525323                     /lib/x86_64-linux-gnu/libnss_nis-2.19.so
7f9fbdca6000-7f9fbdca7000 r--p 0000a000 08:07 525323                     /lib/x86_64-linux-gnu/libnss_nis-2.19.so
7f9fbdca7000-7f9fbdca8000 rw-p 0000b000 08:07 525323                     /lib/x86_64-linux-gnu/libnss_nis-2.19.so
7f9fbdca8000-7f9fbdcbf000 r-xp 00000000 08:07 525085                     /lib/x86_64-linux-gnu/libnsl-2.19.so
7f9fbdcbf000-7f9fbdebe000 ---p 00017000 08:07 525085                     /lib/x86_64-linux-gnu/libnsl-2.19.so
7f9fbdebe000-7f9fbdebf000 r--p 00016000 08:07 525085                     /lib/x86_64-linux-gnu/libnsl-2.19.so
7f9fbdebf000-7f9fbdec0000 rw-p 00017000 08:07 525085                     /lib/x86_64-linux-gnu/libnsl-2.19.so
7f9fbdec0000-7f9fbdec2000 rw-p 00000000 00:00 0 
7f9fbdec2000-7f9fbdecb000 r-xp 00000000 08:07 525062                     /lib/x86_64-linux-gnu/libnss_compat-2.19.so
7f9fbdecb000-7f9fbe0ca000 ---p 00009000 08:07 525062                     /lib/x86_64-linux-gnu/libnss_compat-2.19.so
7f9fbe0ca000-7f9fbe0cb000 r--p 00008000 08:07 525062                     /lib/x86_64-linux-gnu/libnss_compat-2.19.so
7f9fbe0cb000-7f9fbe0cc000 rw-p 00009000 08:07 525062                     /lib/x86_64-linux-gnu/libnss_compat-2.19.so
7f9fbe0cc000-7f9fbe0f5000 r-xp 00000000 08:07 399163                     /usr/lib/jvm/jdk1.7.0_65/jre/lib/amd64/libjava.so
7f9fbe0f5000-7f9fbe2f5000 ---p 00029000 08:07 399163                     /usr/lib/jvm/jdk1.7.0_65/jre/lib/amd64/libjava.so
7f9fbe2f5000-7f9fbe2f7000 rw-p 00029000 08:07 399163                     /usr/lib/jvm/jdk1.7.0_65/jre/lib/amd64/libjava.so
7f9fbe2f7000-7f9fbe304000 r-xp 00000000 08:07 399125                     /usr/lib/jvm/jdk1.7.0_65/jre/lib/amd64/libverify.so
7f9fbe304000-7f9fbe503000 ---p 0000d000 08:07 399125                     /usr/lib/jvm/jdk1.7.0_65/jre/lib/amd64/libverify.so
7f9fbe503000-7f9fbe505000 rw-p 0000c000 08:07 399125                     /usr/lib/jvm/jdk1.7.0_65/jre/lib/amd64/libverify.so
7f9fbe505000-7f9fbe50c000 r-xp 00000000 08:07 525319                     /lib/x86_64-linux-gnu/librt-2.19.so
7f9fbe50c000-7f9fbe70b000 ---p 00007000 08:07 525319                     /lib/x86_64-linux-gnu/librt-2.19.so
7f9fbe70b000-7f9fbe70c000 r--p 00006000 08:07 525319                     /lib/x86_64-linux-gnu/librt-2.19.so
7f9fbe70c000-7f9fbe70d000 rw-p 00007000 08:07 525319                     /lib/x86_64-linux-gnu/librt-2.19.so
7f9fbe70d000-7f9fbe812000 r-xp 00000000 08:07 524811                     /lib/x86_64-linux-gnu/libm-2.19.so
7f9fbe812000-7f9fbea11000 ---p 00105000 08:07 524811                     /lib/x86_64-linux-gnu/libm-2.19.so
7f9fbea11000-7f9fbea12000 r--p 00104000 08:07 524811                     /lib/x86_64-linux-gnu/libm-2.19.so
7f9fbea12000-7f9fbea13000 rw-p 00105000 08:07 524811                     /lib/x86_64-linux-gnu/libm-2.19.so
7f9fbea13000-7f9fbf583000 r-xp 00000000 08:07 399139                     /usr/lib/jvm/jdk1.7.0_65/jre/lib/amd64/server/libjvm.so
7f9fbf583000-7f9fbf782000 ---p 00b70000 08:07 399139                     /usr/lib/jvm/jdk1.7.0_65/jre/lib/amd64/server/libjvm.so
7f9fbf782000-7f9fbf847000 rw-p 00b6f000 08:07 399139                     /usr/lib/jvm/jdk1.7.0_65/jre/lib/amd64/server/libjvm.so
7f9fbf847000-7f9fbf887000 rw-p 00000000 00:00 0 
7f9fbf887000-7f9fbfa42000 r-xp 00000000 08:07 525222                     /lib/x86_64-linux-gnu/libc-2.19.so
7f9fbfa42000-7f9fbfc41000 ---p 001bb000 08:07 525222                     /lib/x86_64-linux-gnu/libc-2.19.so
7f9fbfc41000-7f9fbfc45000 r--p 001ba000 08:07 525222                     /lib/x86_64-linux-gnu/libc-2.19.so
7f9fbfc45000-7f9fbfc47000 rw-p 001be000 08:07 525222                     /lib/x86_64-linux-gnu/libc-2.19.so
7f9fbfc47000-7f9fbfc4c000 rw-p 00000000 00:00 0 
7f9fbfc4c000-7f9fbfc4f000 r-xp 00000000 08:07 524922                     /lib/x86_64-linux-gnu/libdl-2.19.so
7f9fbfc4f000-7f9fbfe4e000 ---p 00003000 08:07 524922                     /lib/x86_64-linux-gnu/libdl-2.19.so
7f9fbfe4e000-7f9fbfe4f000 r--p 00002000 08:07 524922                     /lib/x86_64-linux-gnu/libdl-2.19.so
7f9fbfe4f000-7f9fbfe50000 rw-p 00003000 08:07 524922                     /lib/x86_64-linux-gnu/libdl-2.19.so
7f9fbfe50000-7f9fbfe66000 r-xp 00000000 08:07 399154                     /usr/lib/jvm/jdk1.7.0_65/jre/lib/amd64/jli/libjli.so
7f9fbfe66000-7f9fc0066000 ---p 00016000 08:07 399154                     /usr/lib/jvm/jdk1.7.0_65/jre/lib/amd64/jli/libjli.so
7f9fc0066000-7f9fc0067000 rw-p 00016000 08:07 399154                     /usr/lib/jvm/jdk1.7.0_65/jre/lib/amd64/jli/libjli.so
7f9fc0067000-7f9fc0080000 r-xp 00000000 08:07 525279                     /lib/x86_64-linux-gnu/libpthread-2.19.so
7f9fc0080000-7f9fc027f000 ---p 00019000 08:07 525279                     /lib/x86_64-linux-gnu/libpthread-2.19.so
7f9fc027f000-7f9fc0280000 r--p 00018000 08:07 525279                     /lib/x86_64-linux-gnu/libpthread-2.19.so
7f9fc0280000-7f9fc0281000 rw-p 00019000 08:07 525279                     /lib/x86_64-linux-gnu/libpthread-2.19.so
7f9fc0281000-7f9fc0285000 rw-p 00000000 00:00 0 
7f9fc0285000-7f9fc02a8000 r-xp 00000000 08:07 525129                     /lib/x86_64-linux-gnu/ld-2.19.so
7f9fc02c7000-7f9fc02d1000 rw-p 00000000 00:00 0 
7f9fc02d1000-7f9fc0387000 rw-p 00000000 00:00 0 
7f9fc0387000-7f9fc038a000 ---p 00000000 00:00 0 
7f9fc038a000-7f9fc048c000 rw-p 00000000 00:00 0                          [stack:18569]
7f9fc0499000-7f9fc049b000 rw-p 00000000 00:00 0 
7f9fc049b000-7f9fc04a3000 rw-s 00000000 08:07 1587333                    /tmp/hsperfdata_drioval/18566
7f9fc04a3000-7f9fc04a4000 rw-p 00000000 00:00 0 
7f9fc04a4000-7f9fc04a5000 r--p 00000000 00:00 0 
7f9fc04a5000-7f9fc04a7000 rw-p 00000000 00:00 0 
7f9fc04a7000-7f9fc04a8000 r--p 00022000 08:07 525129                     /lib/x86_64-linux-gnu/ld-2.19.so
7f9fc04a8000-7f9fc04a9000 rw-p 00023000 08:07 525129                     /lib/x86_64-linux-gnu/ld-2.19.so
7f9fc04a9000-7f9fc04aa000 rw-p 00000000 00:00 0 
7fffcf960000-7fffcf981000 rw-p 00000000 00:00 0                          [stack]
7fffcf98c000-7fffcf98e000 r-xp 00000000 00:00 0                          [vdso]
ffffffffff600000-ffffffffff601000 r-xp 00000000 00:00 0                  [vsyscall]

VM Arguments:
java_command: /home/drioval/NetBeansProjects/congreso_1.4/target/surefire/surefirebooter5453055350780023549.jar /home/drioval/NetBeansProjects/congreso_1.4/target/surefire/surefire9048150072984299676tmp /home/drioval/NetBeansProjects/congreso_1.4/target/surefire/surefire8446764327507143030tmp
Launcher Type: SUN_STANDARD

Environment Variables:
JAVA_HOME=/usr/lib/jvm/jdk1.7.0_65
PATH=/usr/local/sbin:/usr/local/bin:/usr/sbin:/usr/bin:/sbin:/bin:/usr/games:/usr/local/games
LD_LIBRARY_PATH=/usr/lib/jvm/jdk1.7.0_65/jre/lib/amd64:/usr/lib/jvm/jdk1.7.0_65/jre/lib/i386:
SHELL=/bin/bash
DISPLAY=:0

Signal Handlers:
SIGSEGV: [libjvm.so+0x99f4a0], sa_mask[0]=0x7ffbfeff, sa_flags=0x10000004
SIGBUS: [libjvm.so+0x99f4a0], sa_mask[0]=0x7ffbfeff, sa_flags=0x10000004
SIGFPE: [libjvm.so+0x81a860], sa_mask[0]=0x7ffbfeff, sa_flags=0x10000004
SIGPIPE: [libjvm.so+0x81a860], sa_mask[0]=0x7ffbfeff, sa_flags=0x10000004
SIGXFSZ: [libjvm.so+0x81a860], sa_mask[0]=0x7ffbfeff, sa_flags=0x10000004
SIGILL: [libjvm.so+0x81a860], sa_mask[0]=0x7ffbfeff, sa_flags=0x10000004
SIGUSR1: SIG_DFL, sa_mask[0]=0x00000000, sa_flags=0x00000000
SIGUSR2: [libjvm.so+0x81c060], sa_mask[0]=0x00000004, sa_flags=0x10000004
SIGHUP: SIG_DFL, sa_mask[0]=0x00000000, sa_flags=0x00000000
SIGINT: SIG_IGN, sa_mask[0]=0x00000000, sa_flags=0x00000000
SIGTERM: SIG_DFL, sa_mask[0]=0x00000000, sa_flags=0x00000000
SIGQUIT: SIG_DFL, sa_mask[0]=0x00000000, sa_flags=0x00000000


---------------  S Y S T E M  ---------------

OS:jessie/sid

uname:Linux 3.13.0-57-generic #95-Ubuntu SMP Fri Jun 19 09:28:15 UTC 2015 x86_64
libc:glibc 2.19 NPTL 2.19 
rlimit: STACK 8192k, CORE 0k, NPROC 31445, NOFILE 4096, AS infinity
load average:13.55 7.76 3.55

/proc/meminfo:
MemTotal:        4046608 kB
MemFree:          113564 kB
Buffers:             544 kB
Cached:            73308 kB
SwapCached:         4596 kB
Active:          2696484 kB
Inactive:         889128 kB
Active(anon):    2691952 kB
Inactive(anon):   875884 kB
Active(file):       4532 kB
Inactive(file):    13244 kB
Unevictable:         200 kB
Mlocked:             200 kB
SwapTotal:        249852 kB
SwapFree:              0 kB
Dirty:               124 kB
Writeback:             0 kB
AnonPages:       3507572 kB
Mapped:            60100 kB
Shmem:             55916 kB
Slab:              58392 kB
SReclaimable:      23360 kB
SUnreclaim:        35032 kB
KernelStack:        4944 kB
PageTables:        39220 kB
NFS_Unstable:          0 kB
Bounce:                0 kB
WritebackTmp:          0 kB
CommitLimit:     2273156 kB
Committed_AS:    7519380 kB
VmallocTotal:   34359738367 kB
VmallocUsed:       94844 kB
VmallocChunk:   34359592952 kB
HardwareCorrupted:     0 kB
AnonHugePages:   1906688 kB
HugePages_Total:       0
HugePages_Free:        0
HugePages_Rsvd:        0
HugePages_Surp:        0
Hugepagesize:       2048 kB
DirectMap4k:       67944 kB
DirectMap2M:     4124672 kB


CPU:total 2 (2 cores per cpu, 1 threads per core) family 6 model 23 stepping 6, cmov, cx8, fxsr, mmx, sse, sse2, sse3, ssse3, sse4.1, tsc

/proc/cpuinfo:
processor	: 0
vendor_id	: GenuineIntel
cpu family	: 6
model		: 23
model name	: Intel(R) Core(TM)2 Duo CPU     T9300  @ 2.50GHz
stepping	: 6
microcode	: 0x60c
cpu MHz		: 2501.000
cache size	: 6144 KB
physical id	: 0
siblings	: 2
core id		: 0
cpu cores	: 2
apicid		: 0
initial apicid	: 0
fpu		: yes
fpu_exception	: yes
cpuid level	: 10
wp		: yes
flags		: fpu vme de pse tsc msr pae mce cx8 apic sep mtrr pge mca cmov pat pse36 clflush dts acpi mmx fxsr sse sse2 ss ht tm pbe syscall nx lm constant_tsc arch_perfmon pebs bts rep_good nopl aperfmperf pni dtes64 monitor ds_cpl vmx est tm2 ssse3 cx16 xtpr pdcm sse4_1 lahf_lm ida dtherm tpr_shadow vnmi flexpriority
bogomips	: 4987.15
clflush size	: 64
cache_alignment	: 64
address sizes	: 36 bits physical, 48 bits virtual
power management:

processor	: 1
vendor_id	: GenuineIntel
cpu family	: 6
model		: 23
model name	: Intel(R) Core(TM)2 Duo CPU     T9300  @ 2.50GHz
stepping	: 6
microcode	: 0x60c
cpu MHz		: 1200.000
cache size	: 6144 KB
physical id	: 0
siblings	: 2
core id		: 1
cpu cores	: 2
apicid		: 1
initial apicid	: 1
fpu		: yes
fpu_exception	: yes
cpuid level	: 10
wp		: yes
flags		: fpu vme de pse tsc msr pae mce cx8 apic sep mtrr pge mca cmov pat pse36 clflush dts acpi mmx fxsr sse sse2 ss ht tm pbe syscall nx lm constant_tsc arch_perfmon pebs bts rep_good nopl aperfmperf pni dtes64 monitor ds_cpl vmx est tm2 ssse3 cx16 xtpr pdcm sse4_1 lahf_lm ida dtherm tpr_shadow vnmi flexpriority
bogomips	: 4987.15
clflush size	: 64
cache_alignment	: 64
address sizes	: 36 bits physical, 48 bits virtual
power management:



Memory: 4k page, physical 4046608k(113564k free), swap 249852k(0k free)

vm_info: Java HotSpot(TM) 64-Bit Server VM (24.65-b04) for linux-amd64 JRE (1.7.0_65-b17), built on Jun 16 2014 20:55:34 by "java_re" with gcc 4.3.0 20080428 (Red Hat 4.3.0-8)

time: Wed Jul 22 19:39:00 2015
elapsed time: 22 seconds

